{"level":"info","message":"Received request for /books/all"}
{"level":"info","message":"Received request for /auth/login"}
{"level":"info","message":"Received request for /books"}
{"level":"info","message":"Received request for /books/all"}
{"level":"info","message":"Received request for /books"}
{"level":"info","message":"Received request for /auth"}
{"level":"info","message":"Received request for /auth"}
{"level":"info","message":"Received request for /auth"}
{"level":"info","message":"Received request for /auth/signup"}
{"level":"info","message":"Received request for /auth/login"}
{"level":"info","message":"Received request for /auth/signup"}
{"level":"info","message":"Received request for /auth/login"}
{"level":"info","message":"Received request for /auth/signup"}
{"level":"info","message":"Received request for /auth/signup"}
{"level":"info","message":"Received request for /auth/login"}
{"level":"info","message":"Received request for /books"}
{"level":"info","message":"Received request for /auth/signup"}
{"level":"info","message":"Received request for /auth/login"}
{"level":"info","message":"Received request for /books"}
{"level":"info","message":"Received request for /books"}
{"level":"info","message":"Received request for /"}
{"level":"info","message":"Received request for /books"}
{"level":"info","message":"Received request for /books"}
{"level":"info","message":"Received request for /books"}
{"level":"info","message":"Received request for /books?new=1"}
{"level":"info","message":"Received request for /books?old=1"}
{"level":"info","message":"Received request for /auth/signup"}
{"level":"info","message":"Received request for /auth/login"}
{"level":"info","message":"Received request for /book"}
{"level":"info","message":"Received request for /books"}
{"level":"info","message":"Received request for /books"}
{"level":"info","message":"Received request for /books"}
{"level":"info","message":"Received request for /books"}
{"level":"info","message":"Received request for /books?old=1"}
{"level":"info","message":"Received request for /books?new=1"}
